# JRE version: OpenJDK Runtime Environment (17.0.6) (build 17.0.6+0-b2043.56-10027231)
# Java VM: OpenJDK 64-Bit Server VM (17.0.6+0-b2043.56-10027231, mixed mode, tiered, compressed oops, compressed class ptrs, g1 gc, windows-amd64)
GC Precious Log:
 CPUs: 8 total, 8 available
 Memory: 7103M
 Large Page Support: Disabled
 NUMA Support: Disabled
 Compressed Oops: Enabled (32-bit)
 Heap Region Size: 1M
 Heap Min Capacity: 8M
 Heap Initial Capacity: 112M
 Heap Max Capacity: 1536M
 Pre-touch: Disabled
 Parallel Workers: 8
 Concurrent Workers: 2
 Concurrent Refinement Workers: 8
 Periodic GC: Disabled
Heap:
 garbage-first heap   total 295936K, used 179443K [0x00000000a0000000, 0x0000000100000000)
  region size 1024K, 8 young (8192K), 5 survivors (5120K)
 Metaspace       used 107719K, committed 108608K, reserved 1146880K
  class space    used 14806K, committed 15232K, reserved 1048576K
GC Heap History (20 events):
Event: 64.048 GC heap before
{Heap before GC invocations=36 (full 0):
 garbage-first heap   total 225280K, used 175780K [0x00000000a0000000, 0x0000000100000000)
  region size 1024K, 12 young (12288K), 4 survivors (4096K)
 Metaspace       used 99817K, committed 100672K, reserved 1138688K
  class space    used 13767K, committed 14144K, reserved 1048576K
}
Event: 64.052 GC heap after
{Heap after GC invocations=37 (full 0):
 garbage-first heap   total 225280K, used 168336K [0x00000000a0000000, 0x0000000100000000)
  region size 1024K, 1 young (1024K), 1 survivors (1024K)
 Metaspace       used 99817K, committed 100672K, reserved 1138688K
  class space    used 13767K, committed 14144K, reserved 1048576K
}
Event: 64.600 GC heap before
{Heap before GC invocations=37 (full 0):
 garbage-first heap   total 225280K, used 194960K [0x00000000a0000000, 0x0000000100000000)
  region size 1024K, 28 young (28672K), 1 survivors (1024K)
 Metaspace       used 99908K, committed 100736K, reserved 1138688K
  class space    used 13779K, committed 14144K, reserved 1048576K
}
Event: 64.603 GC heap after
{Heap after GC invocations=38 (full 0):
 garbage-first heap   total 225280K, used 168150K [0x00000000a0000000, 0x0000000100000000)
  region size 1024K, 1 young (1024K), 1 survivors (1024K)
 Metaspace       used 99908K, committed 100736K, reserved 1138688K
  class space    used 13779K, committed 14144K, reserved 1048576K
}
Event: 65.007 GC heap before
{Heap before GC invocations=39 (full 0):
 garbage-first heap   total 295936K, used 195798K [0x00000000a0000000, 0x0000000100000000)
  region size 1024K, 28 young (28672K), 1 survivors (1024K)
 Metaspace       used 99975K, committed 100800K, reserved 1138688K
  class space    used 13785K, committed 14144K, reserved 1048576K
}
Event: 65.010 GC heap after
{Heap after GC invocations=40 (full 0):
 garbage-first heap   total 295936K, used 168271K [0x00000000a0000000, 0x0000000100000000)
  region size 1024K, 1 young (1024K), 1 survivors (1024K)
 Metaspace       used 99975K, committed 100800K, reserved 1138688K
  class space    used 13785K, committed 14144K, reserved 1048576K
}
Event: 65.103 GC heap before
{Heap before GC invocations=40 (full 0):
 garbage-first heap   total 295936K, used 180559K [0x00000000a0000000, 0x0000000100000000)
  region size 1024K, 14 young (14336K), 1 survivors (1024K)
 Metaspace       used 100552K, committed 101312K, reserved 1138688K
  class space    used 13866K, committed 14208K, reserved 1048576K
}
Event: 65.106 GC heap after
{Heap after GC invocations=41 (full 0):
 garbage-first heap   total 295936K, used 168201K [0x00000000a0000000, 0x0000000100000000)
  region size 1024K, 1 young (1024K), 1 survivors (1024K)
 Metaspace       used 100552K, committed 101312K, reserved 1138688K
  class space    used 13866K, committed 14208K, reserved 1048576K
}
Event: 65.633 GC heap before
{Heap before GC invocations=41 (full 0):
 garbage-first heap   total 295936K, used 253193K [0x00000000a0000000, 0x0000000100000000)
  region size 1024K, 85 young (87040K), 1 survivors (1024K)
 Metaspace       used 100811K, committed 101632K, reserved 1138688K
  class space    used 13884K, committed 14272K, reserved 1048576K
}
Event: 65.636 GC heap after
{Heap after GC invocations=42 (full 0):
 garbage-first heap   total 295936K, used 168695K [0x00000000a0000000, 0x0000000100000000)
  region size 1024K, 1 young (1024K), 1 survivors (1024K)
 Metaspace       used 100811K, committed 101632K, reserved 1138688K
  class space    used 13884K, committed 14272K, reserved 1048576K
}
Event: 66.631 GC heap before
{Heap before GC invocations=42 (full 0):
 garbage-first heap   total 295936K, used 220919K [0x00000000a0000000, 0x0000000100000000)
  region size 1024K, 54 young (55296K), 1 survivors (1024K)
 Metaspace       used 103155K, committed 104000K, reserved 1138688K
  class space    used 14169K, committed 14528K, reserved 1048576K
}
Event: 66.639 GC heap after
{Heap after GC invocations=43 (full 0):
 garbage-first heap   total 295936K, used 169903K [0x00000000a0000000, 0x0000000100000000)
  region size 1024K, 5 young (5120K), 5 survivors (5120K)
 Metaspace       used 103155K, committed 104000K, reserved 1138688K
  class space    used 14169K, committed 14528K, reserved 1048576K
}
Event: 67.088 GC heap before
{Heap before GC invocations=44 (full 0):
 garbage-first heap   total 295936K, used 221103K [0x00000000a0000000, 0x0000000100000000)
  region size 1024K, 89 young (91136K), 5 survivors (5120K)
 Metaspace       used 103190K, committed 104000K, reserved 1138688K
  class space    used 14174K, committed 14528K, reserved 1048576K
}
Event: 67.093 GC heap after
{Heap after GC invocations=45 (full 0):
 garbage-first heap   total 295936K, used 101001K [0x00000000a0000000, 0x0000000100000000)
  region size 1024K, 5 young (5120K), 5 survivors (5120K)
 Metaspace       used 103190K, committed 104000K, reserved 1138688K
  class space    used 14174K, committed 14528K, reserved 1048576K
}
Event: 67.125 GC heap before
{Heap before GC invocations=45 (full 0):
 garbage-first heap   total 295936K, used 109193K [0x00000000a0000000, 0x0000000100000000)
  region size 1024K, 14 young (14336K), 5 survivors (5120K)
 Metaspace       used 103190K, committed 104000K, reserved 1138688K
  class space    used 14174K, committed 14528K, reserved 1048576K
}
Event: 67.131 GC heap after
{Heap after GC invocations=46 (full 0):
 garbage-first heap   total 295936K, used 101112K [0x00000000a0000000, 0x0000000100000000)
  region size 1024K, 1 young (1024K), 1 survivors (1024K)
 Metaspace       used 103190K, committed 104000K, reserved 1138688K
  class space    used 14174K, committed 14528K, reserved 1048576K
}
Event: 68.364 GC heap before
{Heap before GC invocations=46 (full 0):
 garbage-first heap   total 295936K, used 244472K [0x00000000a0000000, 0x0000000100000000)
  region size 1024K, 140 young (143360K), 1 survivors (1024K)
 Metaspace       used 104848K, committed 105728K, reserved 1146880K
  class space    used 14414K, committed 14784K, reserved 1048576K
}
Event: 68.369 GC heap after
{Heap after GC invocations=47 (full 0):
 garbage-first heap   total 295936K, used 103472K [0x00000000a0000000, 0x0000000100000000)
  region size 1024K, 3 young (3072K), 3 survivors (3072K)
 Metaspace       used 104848K, committed 105728K, reserved 1146880K
  class space    used 14414K, committed 14784K, reserved 1048576K
}
Event: 85.379 GC heap before
{Heap before GC invocations=47 (full 0):
 garbage-first heap   total 295936K, used 219184K [0x00000000a0000000, 0x0000000100000000)
  region size 1024K, 118 young (120832K), 3 survivors (3072K)
 Metaspace       used 107557K, committed 108416K, reserved 1146880K
  class space    used 14779K, committed 15168K, reserved 1048576K
}
Event: 85.386 GC heap after
{Heap after GC invocations=48 (full 0):
 garbage-first heap   total 295936K, used 102643K [0x00000000a0000000, 0x0000000100000000)
  region size 1024K, 5 young (5120K), 5 survivors (5120K)
 Metaspace       used 107557K, committed 108416K, reserved 1146880K
  class space    used 14779K, committed 15168K, reserved 1048576K
}

